<?xml version="1.0" encoding="UTF-8"?>
<!-- Generated by org.testng.reporters.JUnitXMLReporter -->
<testsuite hostname="HYL-777648" ignored="2" name="Test" tests="3" failures="0" timestamp="2020-12-23T22:41:49 IST" time="5.524" errors="0">
  <testcase name="listUserTest" time="3.211" classname="com.reqres.tests.ListUserTest"/>
  <testcase name="loginFailureTest" time="1.058" classname="com.reqres.tests.LoginTests">
    <failure/>
  </testcase> <!-- loginFailureTest -->
  <testcase name="loginSuccessTest" time="1.202" classname="com.reqres.tests.LoginTests"/>
  <testcase name="@BeforeSuite setUpTestSuite" time="0.0" classname="com.reqres.tests.BaseTest">
    <ignored/>
  </testcase> <!-- @BeforeSuite setUpTestSuite -->
  <testcase name="@AfterSuite launchReport" time="0.0" classname="com.reqres.tests.BaseTest">
    <ignored/>
  </testcase> <!-- @AfterSuite launchReport -->
</testsuite> <!-- Test -->
